<?xml version="1.0" encoding="UTF-8"?>
<testng-results total="1" passed="1" failed="0" skipped="0">
  <reporter-output>
  </reporter-output>
  <suite started-at="2021-06-29T17:02:55Z" name="All Test Suite" finished-at="2021-06-29T17:03:42Z" duration-ms="46721">
    <groups>
    </groups>
    <test started-at="2021-06-29T17:02:55Z" name="bookmyshow" finished-at="2021-06-29T17:03:42Z" duration-ms="46721">
      <class name="test.java.runners.MoviesTestCase">
        <test-method is-config="true" signature="launchDriver()[pri:0, instance:test.java.runners.MoviesTestCase@7d68ef40]" started-at="2021-06-29T22:32:37Z" name="launchDriver" finished-at="2021-06-29T22:32:55Z" duration-ms="18665" status="PASS">
          <reporter-output>
          </reporter-output>
        </test-method> <!-- launchDriver -->
        <test-method is-config="true" signature="setUpPage()[pri:0, instance:test.java.runners.MoviesTestCase@7d68ef40]" started-at="2021-06-29T22:32:55Z" name="setUpPage" finished-at="2021-06-29T22:32:56Z" duration-ms="287" status="PASS">
          <reporter-output>
          </reporter-output>
        </test-method> <!-- setUpPage -->
        <test-method is-config="true" signature="beforeTest()[pri:0, instance:test.java.runners.MoviesTestCase@7d68ef40]" started-at="2021-06-29T22:32:56Z" name="beforeTest" finished-at="2021-06-29T22:32:56Z" duration-ms="490" status="PASS">
          <reporter-output>
          </reporter-output>
        </test-method> <!-- beforeTest -->
        <test-method signature="checkMoviesPass()[pri:0, instance:test.java.runners.MoviesTestCase@7d68ef40]" started-at="2021-06-29T22:32:56Z" name="checkMoviesPass" finished-at="2021-06-29T22:33:42Z" duration-ms="45871" status="PASS">
          <reporter-output>
          </reporter-output>
        </test-method> <!-- checkMoviesPass -->
        <test-method is-config="true" signature="endTest()[pri:0, instance:test.java.runners.MoviesTestCase@7d68ef40]" started-at="2021-06-29T22:33:42Z" name="endTest" finished-at="2021-06-29T22:33:42Z" duration-ms="39" status="PASS">
          <reporter-output>
          </reporter-output>
        </test-method> <!-- endTest -->
        <test-method is-config="true" signature="closeBrowser()[pri:0, instance:test.java.runners.MoviesTestCase@7d68ef40]" started-at="2021-06-29T22:33:42Z" name="closeBrowser" finished-at="2021-06-29T22:33:47Z" duration-ms="5030" status="PASS">
          <reporter-output>
          </reporter-output>
        </test-method> <!-- closeBrowser -->
      </class> <!-- test.java.runners.MoviesTestCase -->
    </test> <!-- bookmyshow -->
  </suite> <!-- All Test Suite -->
</testng-results>
