<?xml version="1.0" encoding="UTF-8"?>
<testsuite xmlns:xsi="http://www.w3.org/2001/XMLSchema-instance" xsi:noNamespaceSchemaLocation="https://maven.apache.org/surefire/maven-surefire-plugin/xsd/surefire-test-report-3.0.xsd" version="3.0" name="TestSuite" time="72.955" tests="1" errors="0" skipped="0" failures="0">
  <properties>
[...]
</properties>
  <testcase name="checkMoviesPass" classname="test.java.runners.MoviesTestCase" time="45.815">
    <system-out><![CDATA[In config reader
C:\Users\rachit\Downloads\TestNGKeyWordDriven (2)\TestNGKeyWordDriven\src\main\resources\config.properties
BeforeSuite Executed
1
C:\Users\rachit\Downloads\TestNGKeyWordDriven (2)\TestNGKeyWordDriven\Reports\Extent2021-06-29 10-32-56Report.html
test is started
test is started
Hindi
English
Telugu
Tamil
Kannada
Malayalam
Marathi
Bengali
Punjabi
Bhojpuri
Gujarati
Assamese
Rajasthani
Sanskrit
checkMoviesPass test is passed
]]></system-out>
    <system-err><![CDATA[Starting ChromeDriver 91.0.4472.101 (af52a90bf87030dd1523486a1cd3ae25c5d76c9b-refs/branch-heads/4472@{#1462}) on port 16792
Only local connections are allowed.
Please see https://chromedriver.chromium.org/security-considerations for suggestions on keeping ChromeDriver safe.
ChromeDriver was started successfully.
]]></system-err>
  </testcase>
</testsuite>