<?xml version="1.0" encoding="UTF-8"?>
<testng-results total="1" passed="1" failed="0" skipped="0">
  <reporter-output>
  </reporter-output>
  <suite started-at="2021-06-30T06:44:51Z" name="Default suite" finished-at="2021-06-30T06:45:35Z" duration-ms="43812">
    <groups>
    </groups>
    <test started-at="2021-06-30T06:44:51Z" name="Default test" finished-at="2021-06-30T06:45:35Z" duration-ms="43812">
      <class name="test.java.runners.BmsLoginTest">
        <test-method is-config="true" signature="launchDriver()[pri:0, instance:test.java.runners.BmsLoginTest@2eae8e6e]" started-at="2021-06-30T12:14:46Z" name="launchDriver" finished-at="2021-06-30T12:14:51Z" duration-ms="5813" status="PASS">
          <reporter-output>
          </reporter-output>
        </test-method> <!-- launchDriver -->
        <test-method is-config="true" signature="setUpPage()[pri:0, instance:test.java.runners.BmsLoginTest@2eae8e6e]" started-at="2021-06-30T12:14:51Z" name="setUpPage" finished-at="2021-06-30T12:14:52Z" duration-ms="151" status="PASS">
          <reporter-output>
          </reporter-output>
        </test-method> <!-- setUpPage -->
        <test-method is-config="true" signature="beforeTest()[pri:0, instance:test.java.runners.BmsLoginTest@2eae8e6e]" started-at="2021-06-30T12:14:52Z" name="beforeTest" finished-at="2021-06-30T12:14:52Z" duration-ms="243" status="PASS">
          <reporter-output>
          </reporter-output>
        </test-method> <!-- beforeTest -->
        <test-method signature="launch()[pri:0, instance:test.java.runners.BmsLoginTest@2eae8e6e]" started-at="2021-06-30T12:14:52Z" name="launch" finished-at="2021-06-30T12:15:35Z" duration-ms="43309" status="PASS">
          <reporter-output>
          </reporter-output>
        </test-method> <!-- launch -->
        <test-method is-config="true" signature="endTest()[pri:0, instance:test.java.runners.BmsLoginTest@2eae8e6e]" started-at="2021-06-30T12:15:35Z" name="endTest" finished-at="2021-06-30T12:15:35Z" duration-ms="51" status="PASS">
          <reporter-output>
          </reporter-output>
        </test-method> <!-- endTest -->
        <test-method is-config="true" signature="closeBrowser()[pri:0, instance:test.java.runners.BmsLoginTest@2eae8e6e]" started-at="2021-06-30T12:15:35Z" name="closeBrowser" finished-at="2021-06-30T12:15:39Z" duration-ms="3898" status="PASS">
          <reporter-output>
          </reporter-output>
        </test-method> <!-- closeBrowser -->
      </class> <!-- test.java.runners.BmsLoginTest -->
    </test> <!-- Default test -->
  </suite> <!-- Default suite -->
</testng-results>
